This is pdfTeX, Version 3.14159265-2.6-1.40.21 (MiKTeX 20.12) (preloaded format=pdflatex 2021.1.13)  14 MAY 2021 21:12
entering extended mode
**./ter.tex
(ter.tex
LaTeX2e <2020-10-01> patch level 2
L3 programming layer <2020-12-07> xparse <2020-03-03>
(C:\Users\yann\AppData\Local\Programs\MiKTeX\tex/latex/base\report.cls
Document Class: report 2020/04/10 v1.4m Standard LaTeX document class
(C:\Users\yann\AppData\Local\Programs\MiKTeX\tex/latex/base\size11.clo
File: size11.clo 2020/04/10 v1.4m Standard LaTeX file (size option)
)
\c@part=\count177
\c@chapter=\count178
\c@section=\count179
\c@subsection=\count180
\c@subsubsection=\count181
\c@paragraph=\count182
\c@subparagraph=\count183
\c@figure=\count184
\c@table=\count185
\abovecaptionskip=\skip47
\belowcaptionskip=\skip48
\bibindent=\dimen138
)
(C:\Users\yann\AppData\Local\Programs\MiKTeX\tex/latex/base\fontenc.sty
Package: fontenc 2020/08/10 v2.0s Standard LaTeX package
)
(C:\Users\yann\AppData\Local\Programs\MiKTeX\tex/generic/babel\babel.sty
Package: babel 2020/10/27 3.51 The Babel package

(C:\Users\yann\AppData\Local\Programs\MiKTeX\tex/generic/babel\babel.def
File: babel.def 2020/10/27 3.51 Babel common definitions
\babel@savecnt=\count186
\U@D=\dimen139
\l@babelnohyphens=\language79

(C:\Users\yann\AppData\Local\Programs\MiKTeX\tex/generic/babel\txtbabel.def)
\bbl@readstream=\read2
)
\bbl@dirlevel=\count187

*************************************
* Local config file bblopts.cfg used
*
(C:\Users\yann\AppData\Local\Programs\MiKTeX\tex/latex/arabi\bblopts.cfg
File: bblopts.cfg 2005/09/08 v0.1 add Arabic and Farsi to "declared" options of
 babel
)
(C:\Users\yann\AppData\Local\Programs\MiKTeX\tex/generic/babel-french\french.ld
f
Language: french 2020/10/10 v3.5l French support from the babel system
Package babel Info: \l@acadian = using hyphenrules for french
(babel)             (\language22) on input line 91.
Package babel Info: \l@canadien = using hyphenrules for french
(babel)             (\language22) on input line 92.
\FB@nonchar=\count188
Package babel Info: Making : an active character on input line 430.
Package babel Info: Making ; an active character on input line 431.
Package babel Info: Making ! an active character on input line 432.
Package babel Info: Making ? an active character on input line 433.
\FBguill@level=\count189
\FBold@everypar=\toks15
\FB@Mht=\dimen140
\mc@charclass=\count190
\mc@charfam=\count191
\mc@charslot=\count192
\std@mcc=\count193
\dec@mcc=\count194
\listindentFB=\dimen141
\descindentFB=\dimen142
\labelindentFB=\dimen143
\labelwidthFB=\dimen144
\leftmarginFB=\dimen145
\parindentFFN=\dimen146
\FBfnindent=\dimen147
))
(C:\Users\yann\AppData\Local\Programs\MiKTeX\tex/latex/carlisle\scalefnt.sty)
(C:\Users\yann\AppData\Local\Programs\MiKTeX\tex/latex/graphics\keyval.sty
Package: keyval 2014/10/28 v1.15 key=value parser (DPC)
\KV@toks@=\toks16
)
(C:\Users\yann\AppData\Local\Programs\MiKTeX\tex/latex/base\inputenc.sty
Package: inputenc 2020/08/01 v1.3d Input encoding file
\inpenc@prehook=\toks17
\inpenc@posthook=\toks18
)
(C:\Users\yann\AppData\Local\Programs\MiKTeX\tex/latex/graphics\graphicx.sty
Package: graphicx 2020/09/09 v1.2b Enhanced LaTeX Graphics (DPC,SPQR)

(C:\Users\yann\AppData\Local\Programs\MiKTeX\tex/latex/graphics\graphics.sty
Package: graphics 2020/08/30 v1.4c Standard LaTeX Graphics (DPC,SPQR)

(C:\Users\yann\AppData\Local\Programs\MiKTeX\tex/latex/graphics\trig.sty
Package: trig 2016/01/03 v1.10 sin cos tan (DPC)
)
(C:\Users\yann\AppData\Local\Programs\MiKTeX\tex/latex/graphics-cfg\graphics.cf
g
File: graphics.cfg 2016/06/04 v1.11 sample graphics configuration
)
Package graphics Info: Driver file: pdftex.def on input line 105.

(C:\Users\yann\AppData\Local\Programs\MiKTeX\tex/latex/graphics-def\pdftex.def
File: pdftex.def 2020/10/05 v1.2a Graphics/color driver for pdftex
))
\Gin@req@height=\dimen148
\Gin@req@width=\dimen149
) (C:\Users\yann\AppData\Local\Programs\MiKTeX\tex/latex/caption\caption.sty
Package: caption 2020/10/26 v3.5g Customizing captions (AR)

(C:\Users\yann\AppData\Local\Programs\MiKTeX\tex/latex/caption\caption3.sty
Package: caption3 2020/10/21 v2.2e caption3 kernel (AR)
\captionmargin=\dimen150
\captionmargin@=\dimen151
\captionwidth=\dimen152
\caption@tempdima=\dimen153
\caption@indent=\dimen154
\caption@parindent=\dimen155
\caption@hangindent=\dimen156
Package caption Info: Standard document class detected.
Package caption Info: french babel package is loaded.
)
\c@caption@flags=\count195
\c@continuedfloat=\count196
)
(C:\Users\yann\AppData\Local\Programs\MiKTeX\tex/latex/amsmath\amsmath.sty
Package: amsmath 2020/09/23 v2.17i AMS math features
\@mathmargin=\skip49

For additional information on amsmath, use the `?' option.
(C:\Users\yann\AppData\Local\Programs\MiKTeX\tex/latex/amsmath\amstext.sty
Package: amstext 2000/06/29 v2.01 AMS text

(C:\Users\yann\AppData\Local\Programs\MiKTeX\tex/latex/amsmath\amsgen.sty
File: amsgen.sty 1999/11/30 v2.0 generic functions
\@emptytoks=\toks19
\ex@=\dimen157
))
(C:\Users\yann\AppData\Local\Programs\MiKTeX\tex/latex/amsmath\amsbsy.sty
Package: amsbsy 1999/11/29 v1.2d Bold Symbols
\pmbraise@=\dimen158
)
(C:\Users\yann\AppData\Local\Programs\MiKTeX\tex/latex/amsmath\amsopn.sty
Package: amsopn 2016/03/08 v2.02 operator names
)
\inf@bad=\count197
LaTeX Info: Redefining \frac on input line 234.
\uproot@=\count198
\leftroot@=\count199
LaTeX Info: Redefining \overline on input line 399.
\classnum@=\count266
\DOTSCASE@=\count267
LaTeX Info: Redefining \ldots on input line 496.
LaTeX Info: Redefining \dots on input line 499.
LaTeX Info: Redefining \cdots on input line 620.
\Mathstrutbox@=\box47
\strutbox@=\box48
\big@size=\dimen159
LaTeX Font Info:    Redeclaring font encoding OML on input line 743.
LaTeX Font Info:    Redeclaring font encoding OMS on input line 744.
\macc@depth=\count268
\c@MaxMatrixCols=\count269
\dotsspace@=\muskip16
\c@parentequation=\count270
\dspbrk@lvl=\count271
\tag@help=\toks20
\row@=\count272
\column@=\count273
\maxfields@=\count274
\andhelp@=\toks21
\eqnshift@=\dimen160
\alignsep@=\dimen161
\tagshift@=\dimen162
\tagwidth@=\dimen163
\totwidth@=\dimen164
\lineht@=\dimen165
\@envbody=\toks22
\multlinegap=\skip50
\multlinetaggap=\skip51
\mathdisplay@stack=\toks23
LaTeX Info: Redefining \[ on input line 2923.
LaTeX Info: Redefining \] on input line 2924.
)
(C:\Users\yann\AppData\Local\Programs\MiKTeX\tex/latex/amsfonts\amsfonts.sty
Package: amsfonts 2013/01/14 v3.01 Basic AMSFonts support
\symAMSa=\mathgroup4
\symAMSb=\mathgroup5
LaTeX Font Info:    Redeclaring math symbol \hbar on input line 98.
LaTeX Font Info:    Overwriting math alphabet `\mathfrak' in version `bold'
(Font)                  U/euf/m/n --> U/euf/b/n on input line 106.
)
(C:\Users\yann\AppData\Local\Programs\MiKTeX\tex/latex/algorithm2e\algorithm2e.
sty
Package: algorithm2e 2017/07/18 v5.2 algorithms environments
\c@AlgoLine=\count275
 (C:\Users\yann\AppData\Local\Programs\MiKTeX\tex/latex/base\ifthen.sty
Package: ifthen 2014/09/29 v1.1c Standard LaTeX ifthen package (DPC)
)
\algocf@hangindent=\skip52

(C:\Users\yann\AppData\Local\Programs\MiKTeX\tex/latex/ifoddpage\ifoddpage.sty
Package: ifoddpage 2016/04/23 v1.1 Conditionals for odd/even page detection
\c@checkoddpage=\count276
) (C:\Users\yann\AppData\Local\Programs\MiKTeX\tex/latex/tools\xspace.sty
Package: xspace 2014/10/28 v1.13 Space after command names (DPC,MH)
)
(C:\Users\yann\AppData\Local\Programs\MiKTeX\tex/latex/relsize\relsize.sty
Package: relsize 2013/03/29 ver 4.1
)
\skiptotal=\skip53
\skiplinenumber=\skip54
\skiprule=\skip55
\skiphlne=\skip56
\skiptext=\skip57
\skiplength=\skip58
\algomargin=\skip59
\skipalgocfslide=\skip60
\algowidth=\dimen166
\inoutsize=\dimen167
\inoutindent=\dimen168
\interspacetitleruled=\dimen169
\interspacealgoruled=\dimen170
\interspacetitleboxruled=\dimen171
\algocf@ruledwidth=\skip61
\algocf@inoutbox=\box49
\algocf@inputbox=\box50
\AlCapSkip=\skip62
\AlCapHSkip=\skip63
\algoskipindent=\skip64
\algocf@nlbox=\box51
\algocf@hangingbox=\box52
\algocf@untilbox=\box53
\algocf@skipuntil=\skip65
\algocf@capbox=\box54
\algocf@lcaptionbox=\skip66
\algoheightruledefault=\skip67
\algoheightrule=\skip68
\algotitleheightruledefault=\skip69
\algotitleheightrule=\skip70
\c@algocfline=\count277
\c@algocfproc=\count278
\c@algocf=\count279
\algocf@algoframe=\box55
\algocf@algobox=\box56
)
(C:\Users\yann\AppData\Local\Programs\MiKTeX\tex/latex/l3backend\l3backend-pdft
ex.def
File: l3backend-pdftex.def 2020-09-24 L3 backend support: PDF output (pdfTeX)
\l__kernel_color_stack_int=\count280
\l__pdf_internal_box=\box57
) (ter.aux)
\openout1 = `ter.aux'.

LaTeX Font Info:    Checking defaults for OML/cmm/m/it on input line 12.
LaTeX Font Info:    ... okay on input line 12.
LaTeX Font Info:    Checking defaults for OMS/cmsy/m/n on input line 12.
LaTeX Font Info:    ... okay on input line 12.
LaTeX Font Info:    Checking defaults for OT1/cmr/m/n on input line 12.
LaTeX Font Info:    ... okay on input line 12.
LaTeX Font Info:    Checking defaults for T1/cmr/m/n on input line 12.
LaTeX Font Info:    ... okay on input line 12.
LaTeX Font Info:    Checking defaults for TS1/cmr/m/n on input line 12.
LaTeX Font Info:    ... okay on input line 12.
LaTeX Font Info:    Checking defaults for OMX/cmex/m/n on input line 12.
LaTeX Font Info:    ... okay on input line 12.
LaTeX Font Info:    Checking defaults for U/cmr/m/n on input line 12.
LaTeX Font Info:    ... okay on input line 12.
LaTeX Info: Redefining \degres on input line 12.
LaTeX Info: Redefining \dots on input line 12.
LaTeX Info: Redefining \up on input line 12.

(C:\Users\yann\AppData\Local\Programs\MiKTeX\tex/context/base/mkii\supp-pdf.mki
i
[Loading MPS to PDF converter (version 2006.09.02).]
\scratchcounter=\count281
\scratchdimen=\dimen172
\scratchbox=\box58
\nofMPsegments=\count282
\nofMParguments=\count283
\everyMPshowfont=\toks24
\MPscratchCnt=\count284
\MPscratchDim=\dimen173
\MPnumerator=\count285
\makeMPintoPDFobject=\count286
\everyMPtoPDFconversion=\toks25
)
(C:\Users\yann\AppData\Local\Programs\MiKTeX\tex/latex/epstopdf-pkg\epstopdf-ba
se.sty
Package: epstopdf-base 2020-01-24 v2.11 Base part for package epstopdf
Package epstopdf-base Info: Redefining graphics rule for `.eps' on input line 4
85.
)
Package caption Info: Begin \AtBeginDocument code.
Package caption Info: End \AtBeginDocument code.
LaTeX Font Info:    Trying to load font information for U+msa on input line 15.

 (C:\Users\yann\AppData\Local\Programs\MiKTeX\tex/latex/amsfonts\umsa.fd
File: umsa.fd 2013/01/14 v3.01 AMS symbols A
)
LaTeX Font Info:    Trying to load font information for U+msb on input line 15.

 (C:\Users\yann\AppData\Local\Programs\MiKTeX\tex/latex/amsfonts\umsb.fd
File: umsb.fd 2013/01/14 v3.01 AMS symbols B
)
[1

{C:/Users/yann/AppData/Local/MiKTeX/pdftex/config/pdftex.map}] (ter.toc)
\tf@toc=\write3
\openout3 = `ter.toc'.


[1

]
Chapitre 1.

Underfull \hbox (badness 10000) in paragraph at lines 31--32

 []

<FIBOLfsr.png, id=13, 332.442pt x 171.64125pt>
File: FIBOLfsr.png Graphic file (type png)
<use FIBOLfsr.png>
Package pdftex.def Info: FIBOLfsr.png  used on input line 38.
(pdftex.def)             Requested size: 332.44118pt x 171.64081pt.

Underfull \hbox (badness 10000) in paragraph at lines 34--44

 []


Underfull \hbox (badness 10000) in paragraph at lines 34--44

 []


Underfull \hbox (badness 10000) in paragraph at lines 34--44

 []


Underfull \hbox (badness 10000) in paragraph at lines 34--44

 []


Underfull \hbox (badness 10000) in paragraph at lines 34--44

 []


LaTeX Warning: `!h' float specifier changed to `!ht'.

[2

]
Underfull \hbox (badness 10000) in paragraph at lines 67--69

 []

<GaloisLFSR.png, id=26, 449.2785pt x 139.11975pt>
File: GaloisLFSR.png Graphic file (type png)
<use GaloisLFSR.png>
Package pdftex.def Info: GaloisLFSR.png  used on input line 70.
(pdftex.def)             Requested size: 449.27739pt x 139.1194pt.

Overfull \hbox (89.27739pt too wide) in paragraph at lines 70--71
 [] 
 []

[3 <./FIBOLfsr.png>] [4 <./GaloisLFSR.png>]
<FiboFCSR.png, id=36, 411.939pt x 178.266pt>
File: FiboFCSR.png Graphic file (type png)
<use FiboFCSR.png>
Package pdftex.def Info: FiboFCSR.png  used on input line 112.
(pdftex.def)             Requested size: 288.35532pt x 124.78534pt.
<GaloisFCSR.png, id=37, 411.939pt x 182.48175pt>
File: GaloisFCSR.png Graphic file (type png)
<use GaloisFCSR.png>
Package pdftex.def Info: GaloisFCSR.png  used on input line 138.
(pdftex.def)             Requested size: 288.35532pt x 127.73634pt.
 [5 <./FiboFCSR.png>]
Underfull \hbox (badness 10000) in paragraph at lines 143--146

 []


Underfull \hbox (badness 10000) in paragraph at lines 143--146

 []


Underfull \hbox (badness 10000) in paragraph at lines 143--146

 []


Underfull \hbox (badness 10000) in paragraph at lines 151--155

 []

[6 <./GaloisFCSR.png>]
Chapitre 2.

Underfull \hbox (badness 10000) in paragraph at lines 163--175

 []


Underfull \hbox (badness 10000) in paragraph at lines 163--175

 []

[7

]
Underfull \hbox (badness 10000) in paragraph at lines 184--189

 []


Underfull \hbox (badness 10000) in paragraph at lines 193--204

 []


Underfull \hbox (badness 10000) in paragraph at lines 193--204

 []

[8]
Underfull \hbox (badness 10000) in paragraph at lines 228--233

 []


Underfull \hbox (badness 10000) in paragraph at lines 235--240

 []

[9]
Overfull \hbox (4.75421pt too wide) in paragraph at lines 263--266
\T1/cmr/m/n/10.95 Pour un FCSR en mode Ga-lois de lon-gueur $\OML/cmm/m/it/10.9
5 r$ \T1/cmr/m/n/10.95 de re-gistre ini-tial $\OT1/cmr/m/n/10.95 (\OML/cmm/m/it
/10.95 a[]; a[]; :::; a[]\OT1/cmr/m/n/10.95 )$
 []

[10] [11]
Chapitre 3.

Underfull \hbox (badness 10000) in paragraph at lines 285--289

 []


Overfull \hbox (16.5164pt too wide) in paragraph at lines 292--297
\T1/cmr/m/n/10.95 L'algorithme que nous al-lons pré-sen-ter est ana-logue à l'a
l-go-rithme de Berkelamp-
 []


Underfull \hbox (badness 10000) in paragraph at lines 292--297

 []

[12

]
Underfull \hbox (badness 10000) in paragraph at lines 297--325

 []


Underfull \hbox (badness 10000) in paragraph at lines 297--325

 []

[13]
Underfull \hbox (badness 10000) in paragraph at lines 339--343

 []


Overfull \hbox (12.18886pt too wide) detected at line 361
\OML/cmm/m/it/10.95 d \OT1/cmr/m/n/10.95 = (1 + \OMS/cmsy/m/n/10.95 j\OML/cmm/m
/it/10.95 q\OMS/cmsy/m/n/10.95 j\OT1/cmr/m/n/10.95 )\OML/cmm/m/it/10.95 =\OT1/c
mr/m/n/10.95 2 = (\OML/cmm/m/it/10.95 AE\OT1/cmr/m/n/10.95 985\OML/cmm/m/it/10.
95 DFF \OT1/cmr/m/n/10.95 26619\OML/cmm/m/it/10.95 FC\OT1/cmr/m/n/10.95 5 8623\
OML/cmm/m/it/10.95 DC\OT1/cmr/m/n/10.95 8\OML/cmm/m/it/10.95 A AF\OT1/cmr/m/n/1
0.95 46\OML/cmm/m/it/10.95 D\OT1/cmr/m/n/10.95 590 3\OML/cmm/m/it/10.95 DD\OT1/
cmr/m/n/10.95 4254\OML/cmm/m/it/10.95 E\OT1/cmr/m/n/10.95 )
 []


Overfull \hbox (13.17398pt too wide) in paragraph at lines 361--368
\T1/cmr/m/n/10.95 Ce qui nous donne $\OML/cmm/m/it/10.95 F[] \OT1/cmr/m/n/10.95
 = 00110111010010101010$ \T1/cmr/m/n/10.95 et $\OML/cmm/m/it/10.95 F[] \OT1/cmr
/m/n/10.95 = 10011010110111000001$
 []

[14] [15]
Chapitre 4.

Underfull \hbox (badness 10000) in paragraph at lines 380--384

 []


Underfull \hbox (badness 10000) in paragraph at lines 386--395

 []


Underfull \hbox (badness 10000) in paragraph at lines 386--395

 []

[16

]
Underfull \hbox (badness 10000) in paragraph at lines 399--403

 []


Underfull \hbox (badness 10000) in paragraph at lines 399--403

 []


Underfull \hbox (badness 10000) in paragraph at lines 399--403

 []

[17] [18]
Underfull \hbox (badness 10000) in paragraph at lines 443--468

 []


Underfull \hbox (badness 10000) in paragraph at lines 443--468

 []

[19] [20] (ter.aux) ) 
Here is how much of TeX's memory you used:
 5940 strings out of 479697
 92460 string characters out of 2867608
 399353 words of memory out of 3000000
 22969 multiletter control sequences out of 15000+200000
 421017 words of font info for 66 fonts, out of 3000000 for 9000
 1141 hyphenation exceptions out of 8191
 66i,16n,72p,941b,424s stack positions out of 5000i,500n,10000p,200000b,50000s
 <C:\Users\yann\AppData\Local\MiKTeX\fonts/pk/ljfour/jknap
pen/ec/dpi600\ecti1095.pk> <C:\Users\yann\AppData\Local\MiKTeX\fonts/pk/ljfour/
jknappen/ec/dpi600\eccc1095.pk> <C:\Users\yann\AppData\Local\MiKTeX\fonts/pk/lj
four/jknappen/ec/dpi600\ecbx1200.pk> <C:\Users\yann\AppData\Local\MiKTeX\fonts/
pk/ljfour/jknappen/ec/dpi600\ecbx1440.pk> <C:\Users\yann\AppData\Local\MiKTeX\f
onts/pk/ljfour/jknappen/ec/dpi600\ecbx2074.pk> <C:\Users\yann\AppData\Local\MiK
TeX\fonts/pk/ljfour/jknappen/ec/dpi600\ecrm1095.pk> <C:\Users\yann\AppData\Loca
l\MiKTeX\fonts/pk/ljfour/jknappen/ec/dpi600\ecbx1095.pk> <C:\Users\yann\AppData
\Local\MiKTeX\fonts/pk/ljfour/jknappen/ec/dpi600\ecbx2488.pk> <C:\Users\yann\Ap
pData\Local\MiKTeX\fonts/pk/ljfour/jknappen/ec/dpi600\ecrm1200.pk> <C:\Users\ya
nn\AppData\Local\MiKTeX\fonts/pk/ljfour/jknappen/ec/dpi600\ecrm1728.pk><C:/User
s/yann/AppData/Local/Programs/MiKTeX/fonts/type1/public/amsfonts/cm/cmex10.pfb>
<C:/Users/yann/AppData/Local/Programs/MiKTeX/fonts/type1/public/amsfonts/cm/cmm
i10.pfb><C:/Users/yann/AppData/Local/Programs/MiKTeX/fonts/type1/public/amsfont
s/cm/cmmi8.pfb><C:/Users/yann/AppData/Local/Programs/MiKTeX/fonts/type1/public/
amsfonts/cm/cmr10.pfb><C:/Users/yann/AppData/Local/Programs/MiKTeX/fonts/type1/
public/amsfonts/cm/cmr8.pfb><C:/Users/yann/AppData/Local/Programs/MiKTeX/fonts/
type1/public/amsfonts/cm/cmsy10.pfb><C:/Users/yann/AppData/Local/Programs/MiKTe
X/fonts/type1/public/amsfonts/cm/cmsy8.pfb><C:/Users/yann/AppData/Local/Program
s/MiKTeX/fonts/type1/public/amsfonts/symbols/msam10.pfb><C:/Users/yann/AppData/
Local/Programs/MiKTeX/fonts/type1/public/amsfonts/symbols/msbm10.pfb>
Output written on ter.pdf (21 pages, 285461 bytes).
PDF statistics:
 446 PDF objects out of 1000 (max. 8388607)
 0 named destinations out of 1000 (max. 500000)
 21 words of extra memory for PDF output out of 10000 (max. 10000000)

